

Started GET "/assets/rails.png" for 127.0.0.1 at 2012-07-30 13:35:45 +0200
Connecting to database specified by database.yml
Served asset /rails.png - 200 OK (7ms)


Started GET "/" for 127.0.0.1 at 2012-07-30 13:36:09 +0200

ActionController::RoutingError (No route matches [GET] "/"):
  actionpack (3.2.6) lib/action_dispatch/middleware/debug_exceptions.rb:21:in `call'
  actionpack (3.2.6) lib/action_dispatch/middleware/show_exceptions.rb:56:in `call'
  railties (3.2.6) lib/rails/rack/logger.rb:26:in `call_app'
  railties (3.2.6) lib/rails/rack/logger.rb:16:in `call'
  actionpack (3.2.6) lib/action_dispatch/middleware/request_id.rb:22:in `call'
  rack (1.4.1) lib/rack/methodoverride.rb:21:in `call'
  rack (1.4.1) lib/rack/runtime.rb:17:in `call'
  activesupport (3.2.6) lib/active_support/cache/strategy/local_cache.rb:72:in `call'
  rack (1.4.1) lib/rack/lock.rb:15:in `call'
  actionpack (3.2.6) lib/action_dispatch/middleware/static.rb:62:in `call'
  railties (3.2.6) lib/rails/engine.rb:479:in `call'
  railties (3.2.6) lib/rails/application.rb:220:in `call'
  rack (1.4.1) lib/rack/content_length.rb:14:in `call'
  railties (3.2.6) lib/rails/rack/log_tailer.rb:17:in `call'
  rack (1.4.1) lib/rack/handler/webrick.rb:59:in `service'
  /Users/javier/.rvm/rubies/ruby-1.9.3-p194/lib/ruby/1.9.1/webrick/httpserver.rb:138:in `service'
  /Users/javier/.rvm/rubies/ruby-1.9.3-p194/lib/ruby/1.9.1/webrick/httpserver.rb:94:in `run'
  /Users/javier/.rvm/rubies/ruby-1.9.3-p194/lib/ruby/1.9.1/webrick/server.rb:191:in `block in start_thread'


  Rendered /Users/javier/.rvm/gems/ruby-1.9.3-p194/gems/actionpack-3.2.6/lib/action_dispatch/middleware/templates/rescues/routing_error.erb within rescues/layout (2.2ms)


Started GET "/prueba/index" for 127.0.0.1 at 2012-07-30 13:37:36 +0200
Processing by PruebaController#index as HTML
  Rendered prueba/index.html.erb within layouts/application (0.3ms)
Compiled prueba.css  (8ms)  (pid 4961)
Compiled application.css  (17ms)  (pid 4961)
Compiled jquery.js  (2ms)  (pid 4961)
Compiled jquery_ujs.js  (0ms)  (pid 4961)
Compiled prueba.js  (99ms)  (pid 4961)
Compiled application.js  (160ms)  (pid 4961)
Completed 200 OK in 268ms (Views: 267.4ms | ActiveRecord: 0.0ms)


Started GET "/assets/application.css?body=1" for 127.0.0.1 at 2012-07-30 13:37:37 +0200
Served asset /application.css - 200 OK (4ms)


Started GET "/assets/prueba.css?body=1" for 127.0.0.1 at 2012-07-30 13:37:37 +0200
Served asset /prueba.css - 200 OK (2ms)


Started GET "/assets/jquery.js?body=1" for 127.0.0.1 at 2012-07-30 13:37:37 +0200
Served asset /jquery.js - 200 OK (3ms)


Started GET "/assets/jquery_ujs.js?body=1" for 127.0.0.1 at 2012-07-30 13:37:37 +0200
Served asset /jquery_ujs.js - 200 OK (3ms)


Started GET "/assets/prueba.js?body=1" for 127.0.0.1 at 2012-07-30 13:37:37 +0200
Served asset /prueba.js - 200 OK (3ms)


Started GET "/assets/application.js?body=1" for 127.0.0.1 at 2012-07-30 13:37:37 +0200
Served asset /application.js - 200 OK (6ms)


Started GET "/prueba/index" for 127.0.0.1 at 2012-07-30 13:38:36 +0200
Processing by PruebaController#index as HTML
  Rendered prueba/index.html.erb within layouts/application (0.4ms)
Completed 200 OK in 7ms (Views: 6.7ms | ActiveRecord: 0.0ms)


Started GET "/prueba/index" for 127.0.0.1 at 2012-07-30 13:38:38 +0200
Processing by PruebaController#index as HTML
  Rendered prueba/index.html.erb within layouts/application (0.0ms)
Completed 200 OK in 4ms (Views: 3.5ms | ActiveRecord: 0.0ms)


Started GET "/prueba/index" for 127.0.0.1 at 2012-07-30 13:38:49 +0200
Processing by PruebaController#index as HTML
Completed 500 Internal Server Error in 6ms

ActionView::MissingTemplate (Missing template prueba/index, application/index with {:locale=>[:en], :formats=>[:html], :handlers=>[:erb, :builder, :coffee]}. Searched in:
  * "/Users/javier/Code/maquetador-web/app/views"
):
  actionpack (3.2.6) lib/action_view/path_set.rb:58:in `find'
  actionpack (3.2.6) lib/action_view/lookup_context.rb:109:in `find'
  actionpack (3.2.6) lib/action_view/renderer/abstract_renderer.rb:3:in `find_template'
  actionpack (3.2.6) lib/action_view/renderer/template_renderer.rb:34:in `determine_template'
  actionpack (3.2.6) lib/action_view/renderer/template_renderer.rb:10:in `render'
  actionpack (3.2.6) lib/action_view/renderer/renderer.rb:36:in `render_template'
  actionpack (3.2.6) lib/action_view/renderer/renderer.rb:17:in `render'
  actionpack (3.2.6) lib/abstract_controller/rendering.rb:110:in `_render_template'
  actionpack (3.2.6) lib/action_controller/metal/streaming.rb:225:in `_render_template'
  actionpack (3.2.6) lib/abstract_controller/rendering.rb:103:in `render_to_body'
  actionpack (3.2.6) lib/action_controller/metal/renderers.rb:28:in `render_to_body'
  actionpack (3.2.6) lib/action_controller/metal/compatibility.rb:50:in `render_to_body'
  actionpack (3.2.6) lib/abstract_controller/rendering.rb:88:in `render'
  actionpack (3.2.6) lib/action_controller/metal/rendering.rb:16:in `render'
  actionpack (3.2.6) lib/action_controller/metal/instrumentation.rb:40:in `block (2 levels) in render'
  activesupport (3.2.6) lib/active_support/core_ext/benchmark.rb:5:in `block in ms'
  /Users/javier/.rvm/rubies/ruby-1.9.3-p194/lib/ruby/1.9.1/benchmark.rb:295:in `realtime'
  activesupport (3.2.6) lib/active_support/core_ext/benchmark.rb:5:in `ms'
  actionpack (3.2.6) lib/action_controller/metal/instrumentation.rb:40:in `block in render'
  actionpack (3.2.6) lib/action_controller/metal/instrumentation.rb:83:in `cleanup_view_runtime'
  activerecord (3.2.6) lib/active_record/railties/controller_runtime.rb:24:in `cleanup_view_runtime'
  actionpack (3.2.6) lib/action_controller/metal/instrumentation.rb:39:in `render'
  actionpack (3.2.6) lib/action_controller/metal/implicit_render.rb:10:in `default_render'
  actionpack (3.2.6) lib/action_controller/metal/implicit_render.rb:5:in `send_action'
  actionpack (3.2.6) lib/abstract_controller/base.rb:167:in `process_action'
  actionpack (3.2.6) lib/action_controller/metal/rendering.rb:10:in `process_action'
  actionpack (3.2.6) lib/abstract_controller/callbacks.rb:18:in `block in process_action'
  activesupport (3.2.6) lib/active_support/callbacks.rb:414:in `_run__833966994165510327__process_action__3585192972677262434__callbacks'
  activesupport (3.2.6) lib/active_support/callbacks.rb:405:in `__run_callback'
  activesupport (3.2.6) lib/active_support/callbacks.rb:385:in `_run_process_action_callbacks'
  activesupport (3.2.6) lib/active_support/callbacks.rb:81:in `run_callbacks'
  actionpack (3.2.6) lib/abstract_controller/callbacks.rb:17:in `process_action'
  actionpack (3.2.6) lib/action_controller/metal/rescue.rb:29:in `process_action'
  actionpack (3.2.6) lib/action_controller/metal/instrumentation.rb:30:in `block in process_action'
  activesupport (3.2.6) lib/active_support/notifications.rb:123:in `block in instrument'
  activesupport (3.2.6) lib/active_support/notifications/instrumenter.rb:20:in `instrument'
  activesupport (3.2.6) lib/active_support/notifications.rb:123:in `instrument'
  actionpack (3.2.6) lib/action_controller/metal/instrumentation.rb:29:in `process_action'
  actionpack (3.2.6) lib/action_controller/metal/params_wrapper.rb:206:in `process_action'
  activerecord (3.2.6) lib/active_record/railties/controller_runtime.rb:18:in `process_action'
  actionpack (3.2.6) lib/abstract_controller/base.rb:121:in `process'
  actionpack (3.2.6) lib/abstract_controller/rendering.rb:45:in `process'
  actionpack (3.2.6) lib/action_controller/metal.rb:203:in `dispatch'
  actionpack (3.2.6) lib/action_controller/metal/rack_delegation.rb:14:in `dispatch'
  actionpack (3.2.6) lib/action_controller/metal.rb:246:in `block in action'
  actionpack (3.2.6) lib/action_dispatch/routing/route_set.rb:73:in `call'
  actionpack (3.2.6) lib/action_dispatch/routing/route_set.rb:73:in `dispatch'
  actionpack (3.2.6) lib/action_dispatch/routing/route_set.rb:36:in `call'
  journey (1.0.4) lib/journey/router.rb:68:in `block in call'
  journey (1.0.4) lib/journey/router.rb:56:in `each'
  journey (1.0.4) lib/journey/router.rb:56:in `call'
  actionpack (3.2.6) lib/action_dispatch/routing/route_set.rb:600:in `call'
  actionpack (3.2.6) lib/action_dispatch/middleware/best_standards_support.rb:17:in `call'
  rack (1.4.1) lib/rack/etag.rb:23:in `call'
  rack (1.4.1) lib/rack/conditionalget.rb:25:in `call'
  actionpack (3.2.6) lib/action_dispatch/middleware/head.rb:14:in `call'
  actionpack (3.2.6) lib/action_dispatch/middleware/params_parser.rb:21:in `call'
  actionpack (3.2.6) lib/action_dispatch/middleware/flash.rb:242:in `call'
  rack (1.4.1) lib/rack/session/abstract/id.rb:205:in `context'
  rack (1.4.1) lib/rack/session/abstract/id.rb:200:in `call'
  actionpack (3.2.6) lib/action_dispatch/middleware/cookies.rb:338:in `call'
  activerecord (3.2.6) lib/active_record/query_cache.rb:64:in `call'
  activerecord (3.2.6) lib/active_record/connection_adapters/abstract/connection_pool.rb:473:in `call'
  actionpack (3.2.6) lib/action_dispatch/middleware/callbacks.rb:28:in `block in call'
  activesupport (3.2.6) lib/active_support/callbacks.rb:405:in `_run__4271802246799731792__call__422227071698427301__callbacks'
  activesupport (3.2.6) lib/active_support/callbacks.rb:405:in `__run_callback'
  activesupport (3.2.6) lib/active_support/callbacks.rb:385:in `_run_call_callbacks'
  activesupport (3.2.6) lib/active_support/callbacks.rb:81:in `run_callbacks'
  actionpack (3.2.6) lib/action_dispatch/middleware/callbacks.rb:27:in `call'
  actionpack (3.2.6) lib/action_dispatch/middleware/reloader.rb:65:in `call'
  actionpack (3.2.6) lib/action_dispatch/middleware/remote_ip.rb:31:in `call'
  actionpack (3.2.6) lib/action_dispatch/middleware/debug_exceptions.rb:16:in `call'
  actionpack (3.2.6) lib/action_dispatch/middleware/show_exceptions.rb:56:in `call'
  railties (3.2.6) lib/rails/rack/logger.rb:26:in `call_app'
  railties (3.2.6) lib/rails/rack/logger.rb:16:in `call'
  actionpack (3.2.6) lib/action_dispatch/middleware/request_id.rb:22:in `call'
  rack (1.4.1) lib/rack/methodoverride.rb:21:in `call'
  rack (1.4.1) lib/rack/runtime.rb:17:in `call'
  activesupport (3.2.6) lib/active_support/cache/strategy/local_cache.rb:72:in `call'
  rack (1.4.1) lib/rack/lock.rb:15:in `call'
  actionpack (3.2.6) lib/action_dispatch/middleware/static.rb:62:in `call'
  railties (3.2.6) lib/rails/engine.rb:479:in `call'
  railties (3.2.6) lib/rails/application.rb:220:in `call'
  rack (1.4.1) lib/rack/content_length.rb:14:in `call'
  railties (3.2.6) lib/rails/rack/log_tailer.rb:17:in `call'
  rack (1.4.1) lib/rack/handler/webrick.rb:59:in `service'
  /Users/javier/.rvm/rubies/ruby-1.9.3-p194/lib/ruby/1.9.1/webrick/httpserver.rb:138:in `service'
  /Users/javier/.rvm/rubies/ruby-1.9.3-p194/lib/ruby/1.9.1/webrick/httpserver.rb:94:in `run'
  /Users/javier/.rvm/rubies/ruby-1.9.3-p194/lib/ruby/1.9.1/webrick/server.rb:191:in `block in start_thread'


  Rendered /Users/javier/.rvm/gems/ruby-1.9.3-p194/gems/actionpack-3.2.6/lib/action_dispatch/middleware/templates/rescues/missing_template.erb within rescues/layout (0.4ms)


Started GET "/prueba/index" for 127.0.0.1 at 2012-07-30 13:40:45 +0200
Processing by PruebaController#index as HTML
Completed 500 Internal Server Error in 1ms

ActionView::MissingTemplate (Missing template prueba/index, application/index with {:locale=>[:en], :formats=>[:html], :handlers=>[:erb, :builder, :coffee]}. Searched in:
  * "/Users/javier/Code/maquetador-web/app/views"
):
  actionpack (3.2.6) lib/action_view/path_set.rb:58:in `find'
  actionpack (3.2.6) lib/action_view/lookup_context.rb:109:in `find'
  actionpack (3.2.6) lib/action_view/renderer/abstract_renderer.rb:3:in `find_template'
  actionpack (3.2.6) lib/action_view/renderer/template_renderer.rb:34:in `determine_template'
  actionpack (3.2.6) lib/action_view/renderer/template_renderer.rb:10:in `render'
  actionpack (3.2.6) lib/action_view/renderer/renderer.rb:36:in `render_template'
  actionpack (3.2.6) lib/action_view/renderer/renderer.rb:17:in `render'
  actionpack (3.2.6) lib/abstract_controller/rendering.rb:110:in `_render_template'
  actionpack (3.2.6) lib/action_controller/metal/streaming.rb:225:in `_render_template'
  actionpack (3.2.6) lib/abstract_controller/rendering.rb:103:in `render_to_body'
  actionpack (3.2.6) lib/action_controller/metal/renderers.rb:28:in `render_to_body'
  actionpack (3.2.6) lib/action_controller/metal/compatibility.rb:50:in `render_to_body'
  actionpack (3.2.6) lib/abstract_controller/rendering.rb:88:in `render'
  actionpack (3.2.6) lib/action_controller/metal/rendering.rb:16:in `render'
  actionpack (3.2.6) lib/action_controller/metal/instrumentation.rb:40:in `block (2 levels) in render'
  activesupport (3.2.6) lib/active_support/core_ext/benchmark.rb:5:in `block in ms'
  /Users/javier/.rvm/rubies/ruby-1.9.3-p194/lib/ruby/1.9.1/benchmark.rb:295:in `realtime'
  activesupport (3.2.6) lib/active_support/core_ext/benchmark.rb:5:in `ms'
  actionpack (3.2.6) lib/action_controller/metal/instrumentation.rb:40:in `block in render'
  actionpack (3.2.6) lib/action_controller/metal/instrumentation.rb:83:in `cleanup_view_runtime'
  activerecord (3.2.6) lib/active_record/railties/controller_runtime.rb:24:in `cleanup_view_runtime'
  actionpack (3.2.6) lib/action_controller/metal/instrumentation.rb:39:in `render'
  actionpack (3.2.6) lib/action_controller/metal/implicit_render.rb:10:in `default_render'
  actionpack (3.2.6) lib/action_controller/metal/implicit_render.rb:5:in `send_action'
  actionpack (3.2.6) lib/abstract_controller/base.rb:167:in `process_action'
  actionpack (3.2.6) lib/action_controller/metal/rendering.rb:10:in `process_action'
  actionpack (3.2.6) lib/abstract_controller/callbacks.rb:18:in `block in process_action'
  activesupport (3.2.6) lib/active_support/callbacks.rb:414:in `_run__833966994165510327__process_action__3585192972677262434__callbacks'
  activesupport (3.2.6) lib/active_support/callbacks.rb:405:in `__run_callback'
  activesupport (3.2.6) lib/active_support/callbacks.rb:385:in `_run_process_action_callbacks'
  activesupport (3.2.6) lib/active_support/callbacks.rb:81:in `run_callbacks'
  actionpack (3.2.6) lib/abstract_controller/callbacks.rb:17:in `process_action'
  actionpack (3.2.6) lib/action_controller/metal/rescue.rb:29:in `process_action'
  actionpack (3.2.6) lib/action_controller/metal/instrumentation.rb:30:in `block in process_action'
  activesupport (3.2.6) lib/active_support/notifications.rb:123:in `block in instrument'
  activesupport (3.2.6) lib/active_support/notifications/instrumenter.rb:20:in `instrument'
  activesupport (3.2.6) lib/active_support/notifications.rb:123:in `instrument'
  actionpack (3.2.6) lib/action_controller/metal/instrumentation.rb:29:in `process_action'
  actionpack (3.2.6) lib/action_controller/metal/params_wrapper.rb:206:in `process_action'
  activerecord (3.2.6) lib/active_record/railties/controller_runtime.rb:18:in `process_action'
  actionpack (3.2.6) lib/abstract_controller/base.rb:121:in `process'
  actionpack (3.2.6) lib/abstract_controller/rendering.rb:45:in `process'
  actionpack (3.2.6) lib/action_controller/metal.rb:203:in `dispatch'
  actionpack (3.2.6) lib/action_controller/metal/rack_delegation.rb:14:in `dispatch'
  actionpack (3.2.6) lib/action_controller/metal.rb:246:in `block in action'
  actionpack (3.2.6) lib/action_dispatch/routing/route_set.rb:73:in `call'
  actionpack (3.2.6) lib/action_dispatch/routing/route_set.rb:73:in `dispatch'
  actionpack (3.2.6) lib/action_dispatch/routing/route_set.rb:36:in `call'
  journey (1.0.4) lib/journey/router.rb:68:in `block in call'
  journey (1.0.4) lib/journey/router.rb:56:in `each'
  journey (1.0.4) lib/journey/router.rb:56:in `call'
  actionpack (3.2.6) lib/action_dispatch/routing/route_set.rb:600:in `call'
  actionpack (3.2.6) lib/action_dispatch/middleware/best_standards_support.rb:17:in `call'
  rack (1.4.1) lib/rack/etag.rb:23:in `call'
  rack (1.4.1) lib/rack/conditionalget.rb:25:in `call'
  actionpack (3.2.6) lib/action_dispatch/middleware/head.rb:14:in `call'
  actionpack (3.2.6) lib/action_dispatch/middleware/params_parser.rb:21:in `call'
  actionpack (3.2.6) lib/action_dispatch/middleware/flash.rb:242:in `call'
  rack (1.4.1) lib/rack/session/abstract/id.rb:205:in `context'
  rack (1.4.1) lib/rack/session/abstract/id.rb:200:in `call'
  actionpack (3.2.6) lib/action_dispatch/middleware/cookies.rb:338:in `call'
  activerecord (3.2.6) lib/active_record/query_cache.rb:64:in `call'
  activerecord (3.2.6) lib/active_record/connection_adapters/abstract/connection_pool.rb:473:in `call'
  actionpack (3.2.6) lib/action_dispatch/middleware/callbacks.rb:28:in `block in call'
  activesupport (3.2.6) lib/active_support/callbacks.rb:405:in `_run__4271802246799731792__call__422227071698427301__callbacks'
  activesupport (3.2.6) lib/active_support/callbacks.rb:405:in `__run_callback'
  activesupport (3.2.6) lib/active_support/callbacks.rb:385:in `_run_call_callbacks'
  activesupport (3.2.6) lib/active_support/callbacks.rb:81:in `run_callbacks'
  actionpack (3.2.6) lib/action_dispatch/middleware/callbacks.rb:27:in `call'
  actionpack (3.2.6) lib/action_dispatch/middleware/reloader.rb:65:in `call'
  actionpack (3.2.6) lib/action_dispatch/middleware/remote_ip.rb:31:in `call'
  actionpack (3.2.6) lib/action_dispatch/middleware/debug_exceptions.rb:16:in `call'
  actionpack (3.2.6) lib/action_dispatch/middleware/show_exceptions.rb:56:in `call'
  railties (3.2.6) lib/rails/rack/logger.rb:26:in `call_app'
  railties (3.2.6) lib/rails/rack/logger.rb:16:in `call'
  actionpack (3.2.6) lib/action_dispatch/middleware/request_id.rb:22:in `call'
  rack (1.4.1) lib/rack/methodoverride.rb:21:in `call'
  rack (1.4.1) lib/rack/runtime.rb:17:in `call'
  activesupport (3.2.6) lib/active_support/cache/strategy/local_cache.rb:72:in `call'
  rack (1.4.1) lib/rack/lock.rb:15:in `call'
  actionpack (3.2.6) lib/action_dispatch/middleware/static.rb:62:in `call'
  railties (3.2.6) lib/rails/engine.rb:479:in `call'
  railties (3.2.6) lib/rails/application.rb:220:in `call'
  rack (1.4.1) lib/rack/content_length.rb:14:in `call'
  railties (3.2.6) lib/rails/rack/log_tailer.rb:17:in `call'
  rack (1.4.1) lib/rack/handler/webrick.rb:59:in `service'
  /Users/javier/.rvm/rubies/ruby-1.9.3-p194/lib/ruby/1.9.1/webrick/httpserver.rb:138:in `service'
  /Users/javier/.rvm/rubies/ruby-1.9.3-p194/lib/ruby/1.9.1/webrick/httpserver.rb:94:in `run'
  /Users/javier/.rvm/rubies/ruby-1.9.3-p194/lib/ruby/1.9.1/webrick/server.rb:191:in `block in start_thread'


  Rendered /Users/javier/.rvm/gems/ruby-1.9.3-p194/gems/actionpack-3.2.6/lib/action_dispatch/middleware/templates/rescues/missing_template.erb within rescues/layout (0.5ms)


Started GET "/prueba/index" for 127.0.0.1 at 2012-07-30 13:40:57 +0200
Connecting to database specified by database.yml
Processing by PruebaController#index as HTML
  Rendered prueba/index.html.haml within layouts/application (0.9ms)
Completed 200 OK in 54ms (Views: 53.6ms | ActiveRecord: 0.0ms)


Started GET "/assets/application.css?body=1" for 127.0.0.1 at 2012-07-30 13:40:58 +0200
Served asset /application.css - 304 Not Modified (4ms)


Started GET "/assets/prueba.css?body=1" for 127.0.0.1 at 2012-07-30 13:40:58 +0200
Served asset /prueba.css - 304 Not Modified (1ms)


Started GET "/assets/prueba.js?body=1" for 127.0.0.1 at 2012-07-30 13:40:58 +0200
Served asset /prueba.js - 304 Not Modified (4ms)


Started GET "/assets/jquery.js?body=1" for 127.0.0.1 at 2012-07-30 13:40:58 +0200
Served asset /jquery.js - 304 Not Modified (3ms)


Started GET "/assets/jquery_ujs.js?body=1" for 127.0.0.1 at 2012-07-30 13:40:58 +0200
Served asset /jquery_ujs.js - 304 Not Modified (2ms)


Started GET "/assets/application.js?body=1" for 127.0.0.1 at 2012-07-30 13:40:58 +0200
Served asset /application.js - 304 Not Modified (6ms)


Started GET "/assets/prueba.css?body=1" for 127.0.0.1 at 2012-07-30 13:41:06 +0200
Served asset /prueba.css - 304 Not Modified (0ms)


Started GET "/" for 127.0.0.1 at 2012-07-30 13:59:25 +0200
Connecting to database specified by database.yml
Processing by PruebaController#index as HTML
  Rendered prueba/index.html.haml within layouts/application (0.9ms)
Completed 200 OK in 48ms (Views: 47.7ms | ActiveRecord: 0.0ms)


Started GET "/assets/application.css?body=1" for 127.0.0.1 at 2012-07-30 13:59:25 +0200
Served asset /application.css - 200 OK (3ms)


Started GET "/assets/prueba.css?body=1" for 127.0.0.1 at 2012-07-30 13:59:25 +0200
Served asset /prueba.css - 200 OK (1ms)


Started GET "/assets/prueba.js?body=1" for 127.0.0.1 at 2012-07-30 13:59:25 +0200
Served asset /prueba.js - 200 OK (1ms)


Started GET "/assets/application.js?body=1" for 127.0.0.1 at 2012-07-30 13:59:25 +0200
Served asset /application.js - 200 OK (5ms)


Started GET "/assets/jquery_ujs.js?body=1" for 127.0.0.1 at 2012-07-30 13:59:25 +0200
Served asset /jquery_ujs.js - 200 OK (2ms)


Started GET "/assets/jquery.js?body=1" for 127.0.0.1 at 2012-07-30 13:59:25 +0200
Served asset /jquery.js - 200 OK (3ms)


Started GET "/" for 127.0.0.1 at 2012-07-30 14:01:00 +0200
Processing by PruebaController#index as HTML
  Rendered prueba/index.html.haml within layouts/application (1.0ms)
Completed 200 OK in 5ms (Views: 5.1ms | ActiveRecord: 0.0ms)


Started GET "/assets/application.css?body=1" for 127.0.0.1 at 2012-07-30 14:01:00 +0200
Served asset /application.css - 304 Not Modified (0ms)


Started GET "/assets/jquery.js?body=1" for 127.0.0.1 at 2012-07-30 14:01:00 +0200
Served asset /jquery.js - 304 Not Modified (0ms)


Started GET "/assets/jquery_ujs.js?body=1" for 127.0.0.1 at 2012-07-30 14:01:00 +0200
Served asset /jquery_ujs.js - 304 Not Modified (0ms)


Started GET "/assets/prueba.js?body=1" for 127.0.0.1 at 2012-07-30 14:01:00 +0200
Served asset /prueba.js - 304 Not Modified (0ms)


Started GET "/assets/application.js?body=1" for 127.0.0.1 at 2012-07-30 14:01:00 +0200
Served asset /application.js - 304 Not Modified (0ms)


Started GET "/assets/prueba.css?body=1" for 127.0.0.1 at 2012-07-30 14:01:00 +0200
Served asset /prueba.css - 304 Not Modified (0ms)


Started GET "/" for 127.0.0.1 at 2012-07-30 14:01:38 +0200
Processing by PruebaController#index as HTML
  Rendered prueba/index.html.haml within layouts/application (0.1ms)
Compiled prueba.css  (552ms)  (pid 5161)
Compiled application.css  (0ms)  (pid 5161)
Completed 200 OK in 605ms (Views: 605.3ms | ActiveRecord: 0.0ms)


Started GET "/assets/application.css?body=1" for 127.0.0.1 at 2012-07-30 14:01:38 +0200
Served asset /application.css - 304 Not Modified (7ms)


Started GET "/assets/prueba.css?body=1" for 127.0.0.1 at 2012-07-30 14:01:38 +0200
Served asset /prueba.css - 200 OK (1ms)


Started GET "/assets/jquery_ujs.js?body=1" for 127.0.0.1 at 2012-07-30 14:01:39 +0200
Served asset /jquery_ujs.js - 304 Not Modified (0ms)


Started GET "/assets/prueba.js?body=1" for 127.0.0.1 at 2012-07-30 14:01:39 +0200
Served asset /prueba.js - 304 Not Modified (0ms)


Started GET "/assets/jquery.js?body=1" for 127.0.0.1 at 2012-07-30 14:01:39 +0200
Served asset /jquery.js - 304 Not Modified (0ms)


Started GET "/assets/application.js?body=1" for 127.0.0.1 at 2012-07-30 14:01:39 +0200
Served asset /application.js - 304 Not Modified (0ms)


Started GET "/" for 127.0.0.1 at 2012-07-30 14:03:27 +0200
Processing by PruebaController#index as HTML
  Rendered prueba/index.html.haml within layouts/application (1.0ms)
Completed 200 OK in 5ms (Views: 5.1ms | ActiveRecord: 0.0ms)


Started GET "/assets/application.css?body=1" for 127.0.0.1 at 2012-07-30 14:03:27 +0200
Served asset /application.css - 304 Not Modified (0ms)


Started GET "/assets/application.js?body=1" for 127.0.0.1 at 2012-07-30 14:03:27 +0200
Served asset /application.js - 304 Not Modified (0ms)


Started GET "/assets/jquery.js?body=1" for 127.0.0.1 at 2012-07-30 14:03:27 +0200
Served asset /jquery.js - 304 Not Modified (0ms)


Started GET "/assets/jquery_ujs.js?body=1" for 127.0.0.1 at 2012-07-30 14:03:27 +0200
Served asset /jquery_ujs.js - 304 Not Modified (0ms)


Started GET "/assets/prueba.css?body=1" for 127.0.0.1 at 2012-07-30 14:03:27 +0200
Served asset /prueba.css - 304 Not Modified (0ms)


Started GET "/assets/prueba.js?body=1" for 127.0.0.1 at 2012-07-30 14:03:27 +0200
Served asset /prueba.js - 304 Not Modified (0ms)


Started GET "/" for 127.0.0.1 at 2012-07-30 14:03:52 +0200
Processing by PruebaController#index as HTML
  Rendered prueba/index.html.haml within layouts/application (1.0ms)
Completed 200 OK in 5ms (Views: 5.1ms | ActiveRecord: 0.0ms)


Started GET "/assets/application.css?body=1" for 127.0.0.1 at 2012-07-30 14:03:52 +0200
Served asset /application.css - 304 Not Modified (0ms)


Started GET "/assets/prueba.css?body=1" for 127.0.0.1 at 2012-07-30 14:03:52 +0200
Served asset /prueba.css - 304 Not Modified (0ms)


Started GET "/assets/application.js?body=1" for 127.0.0.1 at 2012-07-30 14:03:52 +0200
Served asset /application.js - 304 Not Modified (0ms)


Started GET "/assets/prueba.js?body=1" for 127.0.0.1 at 2012-07-30 14:03:52 +0200
Served asset /prueba.js - 304 Not Modified (0ms)


Started GET "/assets/jquery_ujs.js?body=1" for 127.0.0.1 at 2012-07-30 14:03:52 +0200
Served asset /jquery_ujs.js - 304 Not Modified (0ms)


Started GET "/assets/jquery.js?body=1" for 127.0.0.1 at 2012-07-30 14:03:52 +0200
Served asset /jquery.js - 304 Not Modified (0ms)


Started GET "/assets/prueba.css?body=1" for 127.0.0.1 at 2012-07-30 14:03:59 +0200
Served asset /prueba.css - 304 Not Modified (0ms)
